<?xml version="1.0" encoding="utf-8"?><testsuites name="pytest tests"><testsuite name="pytest" errors="0" failures="0" skipped="0" tests="2" time="0.012" timestamp="2026-09-08T10:30:16.164129-04:00" hostname="alustosa-5090"><testcase classname="tests.integration.desktop.fixtures.desktop_test_reports_pytest_sample" name="test_direct_pass" time="0.001" /><testcase classname="tests.integration.desktop.fixtures.desktop_test_reports_pytest_sample.TestNestedIdentity" name="test_class_pass" time="0.000" /></testsuite></testsuites>